<?xml version="1.0" encoding="UTF-8"?>
<!-- Generated by org.testng.reporters.JUnitReportReporter -->
<testsuite hostname="Shri" failures="0" tests="1" name="com.LoginPage.VerifyName" time="7.468" errors="0" timestamp="2024-05-27T15:27:41 IST" skipped="0">
  <testcase classname="com.LoginPage.VerifyName" name="verifyNameRequriedOrNot" time="7.468"/>
</testsuite> <!-- com.LoginPage.VerifyName -->
